-encoding
UTF-8
-outxml
-source
1.6
-target
1.6
-classpath
C:\Users\JMiller\.m2\repository\antlr\antlr\2.7.7\antlr-2.7.7.jar;C:\Users\JMiller\.m2\repository\aopalliance\aopalliance\1.0\aopalliance-1.0.jar;C:\Users\JMiller\.m2\repository\bouncycastle\bcmail-jdk14\138\bcmail-jdk14-138.jar;C:\Users\JMiller\.m2\repository\bouncycastle\bcprov-jdk14\138\bcprov-jdk14-138.jar;C:\Users\JMiller\.m2\repository\cglib\cglib-nodep\2.2.2\cglib-nodep-2.2.2.jar;C:\Users\JMiller\.m2\repository\com\lowagie\itext\2.1.7\itext-2.1.7.jar;C:\Users\JMiller\.m2\repository\com\sun\faces\jsf-api\2.1.2\jsf-api-2.1.2.jar;C:\Users\JMiller\.m2\repository\com\sun\faces\jsf-impl\2.1.2\jsf-impl-2.1.2.jar;C:\Users\JMiller\.m2\repository\commons-codec\commons-codec\1.6\commons-codec-1.6.jar;C:\Users\JMiller\.m2\repository\commons-collections\commons-collections\3.2.1\commons-collections-3.2.1.jar;C:\Users\JMiller\.m2\repository\commons-dbcp\commons-dbcp\1.3\commons-dbcp-1.3.jar;C:\Users\JMiller\.m2\repository\commons-fileupload\commons-fileupload\1.2.2\commons-fileupload-1.2.2.jar;C:\Users\JMiller\.m2\repository\commons-io\commons-io\2.1\commons-io-2.1.jar;C:\Users\JMiller\.m2\repository\commons-pool\commons-pool\1.5.6\commons-pool-1.5.6.jar;C:\Users\JMiller\.m2\repository\dom4j\dom4j\1.6.1\dom4j-1.6.1.jar;C:\Users\JMiller\.m2\repository\javax\el\el-api\2.2\el-api-2.2.jar;C:\Users\JMiller\.m2\repository\javax\servlet\servlet-api\2.5\servlet-api-2.5.jar;C:\Users\JMiller\.m2\repository\javax\transaction\jta\1.1\jta-1.1.jar;C:\Users\JMiller\.m2\repository\javax\validation\validation-api\1.0.0.GA\validation-api-1.0.0.GA.jar;C:\Users\JMiller\.m2\repository\junit\junit\4.10\junit-4.10.jar;C:\Users\JMiller\.m2\repository\log4j\log4j\1.2.16\log4j-1.2.16.jar;C:\Users\JMiller\.m2\repository\net\sf\flexjson\flexjson\2.1\flexjson-2.1.jar;C:\Users\JMiller\.m2\repository\org\apache\commons\commons-lang3\3.1\commons-lang3-3.1.jar;C:\Users\JMiller\.m2\repository\org\apache\poi\poi\3.9\poi-3.9.jar;C:\Users\JMiller\.m2\repository\org\aspectj\aspectjrt\1.7.0\aspectjrt-1.7.0.jar;C:\Users\JMiller\.m2\repository\org\aspectj\aspectjweaver\1.7.0\aspectjweaver-1.7.0.jar;C:\Users\JMiller\.m2\repository\org\bouncycastle\bcmail-jdk14\1.38\bcmail-jdk14-1.38.jar;C:\Users\JMiller\.m2\repository\org\bouncycastle\bcprov-jdk14\1.38\bcprov-jdk14-1.38.jar;C:\Users\JMiller\.m2\repository\org\bouncycastle\bctsp-jdk14\1.38\bctsp-jdk14-1.38.jar;C:\Users\JMiller\.m2\repository\org\hibernate\hibernate-core\4.1.8.Final\hibernate-core-4.1.8.Final.jar;C:\Users\JMiller\.m2\repository\org\hibernate\hibernate-entitymanager\4.1.8.Final\hibernate-entitymanager-4.1.8.Final.jar;C:\Users\JMiller\.m2\repository\org\hibernate\hibernate-validator\4.3.1.Final\hibernate-validator-4.3.1.Final.jar;C:\Users\JMiller\.m2\repository\org\hibernate\common\hibernate-commons-annotations\4.0.1.Final\hibernate-commons-annotations-4.0.1.Final.jar;C:\Users\JMiller\.m2\repository\org\hibernate\javax\persistence\hibernate-jpa-2.0-api\1.0.1.Final\hibernate-jpa-2.0-api-1.0.1.Final.jar;C:\Users\JMiller\.m2\repository\org\hsqldb\hsqldb\2.2.9\hsqldb-2.2.9.jar;C:\Users\JMiller\.m2\repository\org\javassist\javassist\3.15.0-GA\javassist-3.15.0-GA.jar;C:\Users\JMiller\.m2\repository\org\jboss\logging\jboss-logging\3.1.0.GA\jboss-logging-3.1.0.GA.jar;C:\Users\JMiller\.m2\repository\org\jboss\spec\javax\transaction\jboss-transaction-api_1.1_spec\1.0.0.Final\jboss-transaction-api_1.1_spec-1.0.0.Final.jar;C:\Users\JMiller\.m2\repository\org\primefaces\primefaces\3.4.2\primefaces-3.4.2.jar;C:\Users\JMiller\.m2\repository\org\primefaces\themes\cupertino\1.0.8\cupertino-1.0.8.jar;C:\Users\JMiller\.m2\repository\org\primefaces\themes\south-street\1.0.8\south-street-1.0.8.jar;C:\Users\JMiller\.m2\repository\org\slf4j\jcl-over-slf4j\1.7.2\jcl-over-slf4j-1.7.2.jar;C:\Users\JMiller\.m2\repository\org\slf4j\slf4j-api\1.7.2\slf4j-api-1.7.2.jar;C:\Users\JMiller\.m2\repository\org\slf4j\slf4j-log4j12\1.7.2\slf4j-log4j12-1.7.2.jar;C:\Users\JMiller\.m2\repository\org\springframework\spring-aop\3.2.0.RELEASE\spring-aop-3.2.0.RELEASE.jar;C:\Users\JMiller\.m2\repository\org\springframework\spring-aspects\3.2.0.RELEASE\spring-aspects-3.2.0.RELEASE.jar;C:\Users\JMiller\.m2\repository\org\springframework\spring-beans\3.2.0.RELEASE\spring-beans-3.2.0.RELEASE.jar;C:\Users\JMiller\.m2\repository\org\springframework\spring-context\3.2.0.RELEASE\spring-context-3.2.0.RELEASE.jar;C:\Users\JMiller\.m2\repository\org\springframework\spring-context-support\3.2.0.RELEASE\spring-context-support-3.2.0.RELEASE.jar;C:\Users\JMiller\.m2\repository\org\springframework\spring-core\3.2.0.RELEASE\spring-core-3.2.0.RELEASE.jar;C:\Users\JMiller\.m2\repository\org\springframework\spring-expression\3.2.0.RELEASE\spring-expression-3.2.0.RELEASE.jar;C:\Users\JMiller\.m2\repository\org\springframework\spring-jdbc\3.2.0.RELEASE\spring-jdbc-3.2.0.RELEASE.jar;C:\Users\JMiller\.m2\repository\org\springframework\spring-orm\3.2.0.RELEASE\spring-orm-3.2.0.RELEASE.jar;C:\Users\JMiller\.m2\repository\org\springframework\spring-test\3.2.0.RELEASE\spring-test-3.2.0.RELEASE.jar;C:\Users\JMiller\.m2\repository\org\springframework\spring-tx\3.2.0.RELEASE\spring-tx-3.2.0.RELEASE.jar;C:\Users\JMiller\.m2\repository\org\springframework\spring-web\3.2.0.RELEASE\spring-web-3.2.0.RELEASE.jar;C:\Users\JMiller\.m2\repository\org\springframework\roo\org.springframework.roo.annotations\1.2.3.RELEASE\org.springframework.roo.annotations-1.2.3.RELEASE.jar;C:\Users\JMiller\code\java\petshop\target\classes
-aspectpath
C:\Users\JMiller\.m2\repository\org\springframework\spring-aspects\3.2.0.RELEASE\spring-aspects-3.2.0.RELEASE.jar
-d
C:\Users\JMiller\code\java\petshop\target\classes
C:\Users\JMiller\code\java\petshop\src\main\java\com\gsu\petclinic\jsf\OwnerBean_Roo_Serializable.aj
C:\Users\JMiller\code\java\petshop\src\main\java\com\gsu\petclinic\domain\Owner_Roo_Configurable.aj
C:\Users\JMiller\code\java\petshop\src\main\java\com\gsu\petclinic\jsf\PetBean_Roo_Serializable.aj
C:\Users\JMiller\code\java\petshop\src\main\java\com\gsu\petclinic\domain\Pet_Roo_Jpa_ActiveRecord.aj
C:\Users\JMiller\code\java\petshop\src\main\java\com\gsu\petclinic\jsf\PetBean_Roo_Configurable.aj
C:\Users\JMiller\code\java\petshop\src\main\java\com\gsu\petclinic\domain\Pet.java
C:\Users\JMiller\code\java\petshop\src\main\java\com\gsu\petclinic\domain\Visit_Roo_ToString.aj
C:\Users\JMiller\code\java\petshop\src\main\java\com\gsu\petclinic\jsf\util\ViewExpiredExceptionExceptionHandlerFactory.java
C:\Users\JMiller\code\java\petshop\src\main\java\com\gsu\petclinic\jsf\converter\VetConverter.java
C:\Users\JMiller\code\java\petshop\src\main\java\com\gsu\petclinic\jsf\util\ViewExpiredExceptionExceptionHandler.java
C:\Users\JMiller\code\java\petshop\src\main\java\com\gsu\petclinic\jsf\converter\VisitConverter.java
C:\Users\JMiller\code\java\petshop\src\main\java\com\gsu\petclinic\jsf\OwnerBean_Roo_Configurable.aj
C:\Users\JMiller\code\java\petshop\src\main\java\com\gsu\petclinic\jsf\VisitBean_Roo_Serializable.aj
C:\Users\JMiller\code\java\petshop\src\main\java\com\gsu\petclinic\domain\Owner_Roo_JavaBean.aj
C:\Users\JMiller\code\java\petshop\src\main\java\com\gsu\petclinic\domain\Visit.java
C:\Users\JMiller\code\java\petshop\src\main\java\com\gsu\petclinic\reference\Specialty.java
C:\Users\JMiller\code\java\petshop\src\main\java\com\gsu\petclinic\jsf\converter\OwnerConverter_Roo_Configurable.aj
C:\Users\JMiller\code\java\petshop\src\main\java\com\gsu\petclinic\jsf\VetBean_Roo_Configurable.aj
C:\Users\JMiller\code\java\petshop\src\main\java\com\gsu\petclinic\domain\AbstractPerson_Roo_Configurable.aj
C:\Users\JMiller\code\java\petshop\src\main\java\com\gsu\petclinic\domain\Owner_Roo_ToString.aj
C:\Users\JMiller\code\java\petshop\src\main\java\com\gsu\petclinic\jsf\converter\VisitConverter_Roo_Configurable.aj
C:\Users\JMiller\code\java\petshop\src\main\java\com\gsu\petclinic\jsf\VisitBean.java
C:\Users\JMiller\code\java\petshop\src\main\java\com\gsu\petclinic\domain\Vet_Roo_JavaBean.aj
C:\Users\JMiller\code\java\petshop\src\main\java\com\gsu\petclinic\domain\Visit_Roo_Jpa_ActiveRecord.aj
C:\Users\JMiller\code\java\petshop\src\main\java\com\gsu\petclinic\domain\Vet_Roo_Configurable.aj
C:\Users\JMiller\code\java\petshop\src\main\java\com\gsu\petclinic\domain\AbstractPerson_Roo_Jpa_Entity.aj
C:\Users\JMiller\code\java\petshop\src\main\java\com\gsu\petclinic\jsf\ApplicationBean.java
C:\Users\JMiller\code\java\petshop\src\main\java\com\gsu\petclinic\domain\Owner.java
C:\Users\JMiller\code\java\petshop\src\main\java\com\gsu\petclinic\jsf\converter\VisitConverter_Roo_Converter.aj
C:\Users\JMiller\code\java\petshop\src\main\java\com\gsu\petclinic\jsf\VetBean_Roo_Serializable.aj
C:\Users\JMiller\code\java\petshop\src\main\java\com\gsu\petclinic\domain\Pet_Roo_Finder.aj
C:\Users\JMiller\code\java\petshop\src\main\java\com\gsu\petclinic\domain\Owner_Roo_Jpa_Entity.aj
C:\Users\JMiller\code\java\petshop\src\main\java\com\gsu\petclinic\jsf\converter\OwnerConverter.java
C:\Users\JMiller\code\java\petshop\src\main\java\com\gsu\petclinic\jsf\VetBean_Roo_ManagedBean.aj
C:\Users\JMiller\code\java\petshop\src\main\java\com\gsu\petclinic\domain\Visit_Roo_JavaBean.aj
C:\Users\JMiller\code\java\petshop\src\main\java\com\gsu\petclinic\domain\AbstractPerson_Roo_JavaBean.aj
C:\Users\JMiller\code\java\petshop\src\main\java\com\gsu\petclinic\domain\AbstractPerson.java
C:\Users\JMiller\code\java\petshop\src\main\java\com\gsu\petclinic\jsf\ApplicationBean_Roo_Configurable.aj
C:\Users\JMiller\code\java\petshop\src\main\java\com\gsu\petclinic\domain\Owner_Roo_Jpa_ActiveRecord.aj
C:\Users\JMiller\code\java\petshop\src\main\java\com\gsu\petclinic\jsf\ApplicationBean_Roo_ApplicationBean.aj
C:\Users\JMiller\code\java\petshop\src\main\java\com\gsu\petclinic\domain\Vet_Roo_Jpa_ActiveRecord.aj
C:\Users\JMiller\code\java\petshop\src\main\java\com\gsu\petclinic\jsf\VisitBean_Roo_ManagedBean.aj
C:\Users\JMiller\code\java\petshop\src\main\java\com\gsu\petclinic\domain\Vet_Roo_Jpa_Entity.aj
C:\Users\JMiller\code\java\petshop\src\main\java\com\gsu\petclinic\domain\Pet_Roo_Configurable.aj
C:\Users\JMiller\code\java\petshop\src\main\java\com\gsu\petclinic\domain\AbstractPerson_Roo_Jpa_ActiveRecord.aj
C:\Users\JMiller\code\java\petshop\src\main\java\com\gsu\petclinic\domain\Visit_Roo_Jpa_Entity.aj
C:\Users\JMiller\code\java\petshop\src\main\java\com\gsu\petclinic\domain\Visit_Roo_Configurable.aj
C:\Users\JMiller\code\java\petshop\src\main\java\com\gsu\petclinic\jsf\converter\OwnerConverter_Roo_Converter.aj
C:\Users\JMiller\code\java\petshop\src\main\java\com\gsu\petclinic\jsf\converter\PetConverter.java
C:\Users\JMiller\code\java\petshop\src\main\java\com\gsu\petclinic\jsf\util\LocaleBean.java
C:\Users\JMiller\code\java\petshop\src\main\java\com\gsu\petclinic\jsf\VetBean.java
C:\Users\JMiller\code\java\petshop\src\main\java\com\gsu\petclinic\jsf\converter\PetConverter_Roo_Converter.aj
C:\Users\JMiller\code\java\petshop\src\main\java\com\gsu\petclinic\jsf\converter\VetConverter_Roo_Configurable.aj
C:\Users\JMiller\code\java\petshop\src\main\java\com\gsu\petclinic\jsf\PetBean.java
C:\Users\JMiller\code\java\petshop\src\main\java\com\gsu\petclinic\jsf\converter\PetConverter_Roo_Configurable.aj
C:\Users\JMiller\code\java\petshop\src\main\java\com\gsu\petclinic\reference\PetType.java
C:\Users\JMiller\code\java\petshop\src\main\java\com\gsu\petclinic\jsf\VisitBean_Roo_Configurable.aj
C:\Users\JMiller\code\java\petshop\src\main\java\com\gsu\petclinic\domain\AbstractPerson_Roo_ToString.aj
C:\Users\JMiller\code\java\petshop\src\main\java\com\gsu\petclinic\jsf\PetBean_Roo_ManagedBean.aj
C:\Users\JMiller\code\java\petshop\src\main\java\com\gsu\petclinic\domain\Pet_Roo_Jpa_Entity.aj
C:\Users\JMiller\code\java\petshop\src\main\java\com\gsu\petclinic\jsf\OwnerBean_Roo_ManagedBean.aj
C:\Users\JMiller\code\java\petshop\src\main\java\com\gsu\petclinic\domain\Vet_Roo_ToString.aj
C:\Users\JMiller\code\java\petshop\src\main\java\com\gsu\petclinic\domain\Pet_Roo_JavaBean.aj
C:\Users\JMiller\code\java\petshop\src\main\java\com\gsu\petclinic\jsf\converter\VetConverter_Roo_Converter.aj
C:\Users\JMiller\code\java\petshop\src\main\java\com\gsu\petclinic\jsf\OwnerBean.java
C:\Users\JMiller\code\java\petshop\src\main\java\com\gsu\petclinic\jsf\util\MessageFactory.java
C:\Users\JMiller\code\java\petshop\src\main\java\com\gsu\petclinic\domain\Vet.java
C:\Users\JMiller\code\java\petshop\src\main\java\com\gsu\petclinic\domain\Pet_Roo_ToString.aj
